<?xml version="1.0" encoding="UTF-8"?>
<!-- Generated by org.testng.reporters.JUnitReportReporter -->
<testsuite hostname="USBLRRAGHVR1" failures="0" tests="1" name="Test.Demo1" time="0.001" errors="0" timestamp="2023-02-19T09:54:38 IST" skipped="0">
  <testcase classname="Test.Demo1" name="test_03" time="0.001"/>
  <system-out/>
</testsuite> <!-- Test.Demo1 -->
