<?xml version="1.0" encoding="UTF-8"?>
<!-- Generated by org.testng.reporters.JUnitReportReporter -->
<testsuite hostname="USBLRRAGHVR1" failures="0" tests="1" name="Listners.Listner" time="0.012" errors="0" timestamp="2023-02-19T09:45:44 IST" skipped="0">
  <testcase classname="Listners.Listner" name="demotest1" time="0.012"/>
  <system-out/>
</testsuite> <!-- Listners.Listner -->
