<?xml version="1.0" encoding="UTF-8"?>
<!-- Generated by org.testng.reporters.JUnitReportReporter -->
<testsuite hostname="USBLRRAGHVR1" failures="0" tests="1" name="Test.Demo4" time="0.021" errors="0" timestamp="2023-02-18T19:28:13 IST" skipped="0">
  <testcase classname="Test.Demo4" name="mobileLoginCarLoan" time="0.021"/>
  <system-out/>
</testsuite> <!-- Test.Demo4 -->
