<?xml version="1.0" encoding="UTF-8"?>
<!-- Generated by org.testng.reporters.JUnitReportReporter -->
<testsuite hostname="USBLRRAGHVR1" failures="0" tests="5" name="Test.Demo2" time="0.014" errors="0" timestamp="2023-02-19T09:54:38 IST" skipped="0">
  <testcase classname="Test.Demo2" name="webLoginHomeLoan" time="0.002"/>
  <system-out/>
  <testcase classname="Test.Demo2" name="APILoginHomeLoan" time="0.003"/>
  <system-out/>
  <testcase classname="Test.Demo2" name="mobileLoginHomeLoan" time="0.004"/>
  <system-out/>
  <testcase classname="Test.Demo2" name="mobileLoginHomeLoan" time="0.002"/>
  <system-out/>
  <testcase classname="Test.Demo2" name="mobileLoginHomeLoan" time="0.003"/>
  <system-out/>
</testsuite> <!-- Test.Demo2 -->
