<?xml version="1.0" encoding="UTF-8"?>
<!-- Generated by org.testng.reporters.JUnitReportReporter -->
<testsuite hostname="USBLRRAGHVR1" failures="0" tests="2" name="Test.Demo3" time="0.008" errors="0" timestamp="2023-02-19T09:54:38 IST" skipped="0">
  <testcase classname="Test.Demo3" name="APILoginCarLoan" time="0.001"/>
  <system-out/>
  <testcase classname="Test.Demo3" name="webLoginCarLoan" time="0.007"/>
  <system-out/>
</testsuite> <!-- Test.Demo3 -->
