<?xml version="1.0" encoding="UTF-8"?>
<!-- Generated by org.testng.reporters.JUnitReportReporter -->
<testsuite hostname="USBLRRAGHVR1" failures="0" tests="2" name="Demo" time="0.012" errors="0" timestamp="2023-02-18T19:05:11 IST" skipped="0">
  <testcase classname="Demo" name="test_02" time="0.002"/>
  <system-out/>
  <testcase classname="Demo" name="test_01" time="0.010"/>
  <system-out/>
</testsuite> <!-- Demo -->
